app/build/intermediates/manifest_merge_blame_file/debug/manifest-merger-blame-debug-report.txt
1<?xml version="1.0" encoding="utf-8"?>
2<manifest xmlns:android="http://schemas.android.com/apk/res/android"
3    package="com.example.memomvvm"
4    android:versionCode="1"
5    android:versionName="1.0" >
6
7    <uses-sdk
8        android:minSdkVersion="25"
8-->src\main\AndroidManifest.xml
9        android:targetSdkVersion="30" />
9-->src\main\AndroidManifest.xml
10
11    <application
11-->src\main\AndroidManifest.xml:5:5-35:19
12        android:allowBackup="true"
12-->src\main\AndroidManifest.xml:6:9-35
13        android:appComponentFactory="androidx.core.app.CoreComponentFactory"
13-->[androidx.core:core:1.3.2] AndroidManifest.xml:24:18-86
14        android:debuggable="true"
15        android:extractNativeLibs="false"
16        android:icon="@mipmap/ic_launcher"
16-->src\main\AndroidManifest.xml:7:9-43
17        android:label="@string/app_name"
17-->src\main\AndroidManifest.xml:8:9-41
18        android:roundIcon="@mipmap/ic_launcher_round"
18-->src\main\AndroidManifest.xml:9:9-54
19        android:supportsRtl="true"
19-->src\main\AndroidManifest.xml:10:9-35
20        android:testOnly="true"
21        android:theme="@style/AppTheme" >
21-->src\main\AndroidManifest.xml:11:9-40
22        <activity android:name="com.example.memomvvm.view.activities.MainActivity" >
22-->src\main\AndroidManifest.xml:12:9-18:20
22-->src\main\AndroidManifest.xml:12:19-83
23            <intent-filter>
23-->src\main\AndroidManifest.xml:13:13-17:29
24                <action android:name="android.intent.action.MAIN" />
24-->src\main\AndroidManifest.xml:14:17-69
24-->src\main\AndroidManifest.xml:14:25-66
25
26                <category android:name="android.intent.category.LAUNCHER" />
26-->src\main\AndroidManifest.xml:16:17-77
26-->src\main\AndroidManifest.xml:16:27-74
27            </intent-filter>
28        </activity>
29        <activity
29-->src\main\AndroidManifest.xml:19:9-23:20
30            android:name="com.example.memomvvm.view.activities.CreateMemoActivity"
30-->src\main\AndroidManifest.xml:19:19-69
31            android:label="메모" >
31-->src\main\AndroidManifest.xml:20:13-31
32            <meta-data
32-->src\main\AndroidManifest.xml:22:13-119
33                android:name="android.support.PARENT_ACTIVITY"
33-->src\main\AndroidManifest.xml:22:24-70
34                android:value=".view.activities.MainActivity" />
34-->src\main\AndroidManifest.xml:22:71-116
35        </activity>
36        <activity
36-->src\main\AndroidManifest.xml:24:9-30:20
37            android:name="com.example.memomvvm.view.activities.DetailMemoActivity"
37-->src\main\AndroidManifest.xml:24:19-69
38            android:label="memo detail"
38-->src\main\AndroidManifest.xml:25:13-40
39            android:launchMode="singleTop" >
39-->src\main\AndroidManifest.xml:26:13-43
40            <meta-data
40-->src\main\AndroidManifest.xml:22:13-119
41                android:name="android.support.PARENT_ACTIVITY"
41-->src\main\AndroidManifest.xml:22:24-70
42                android:value=".view.activities.MainActivity" />
42-->src\main\AndroidManifest.xml:22:71-116
43        </activity>
44        <activity android:name="com.example.memomvvm.view.activities.SearchActivity" >
44-->src\main\AndroidManifest.xml:31:9-33:20
44-->src\main\AndroidManifest.xml:31:19-65
45            <meta-data
45-->src\main\AndroidManifest.xml:22:13-119
46                android:name="android.support.PARENT_ACTIVITY"
46-->src\main\AndroidManifest.xml:22:24-70
47                android:value=".view.activities.MainActivity" />
47-->src\main\AndroidManifest.xml:22:71-116
48        </activity>
49
50        <provider
50-->[androidx.lifecycle:lifecycle-process:2.2.0] AndroidManifest.xml:25:9-29:43
51            android:name="androidx.lifecycle.ProcessLifecycleOwnerInitializer"
51-->[androidx.lifecycle:lifecycle-process:2.2.0] AndroidManifest.xml:26:13-79
52            android:authorities="com.example.memomvvm.lifecycle-process"
52-->[androidx.lifecycle:lifecycle-process:2.2.0] AndroidManifest.xml:27:13-69
53            android:exported="false"
53-->[androidx.lifecycle:lifecycle-process:2.2.0] AndroidManifest.xml:28:13-37
54            android:multiprocess="true" />
54-->[androidx.lifecycle:lifecycle-process:2.2.0] AndroidManifest.xml:29:13-40
55
56        <service
56-->[androidx.room:room-runtime:2.2.1] AndroidManifest.xml:25:9-27:40
57            android:name="androidx.room.MultiInstanceInvalidationService"
57-->[androidx.room:room-runtime:2.2.1] AndroidManifest.xml:26:13-74
58            android:exported="false" />
58-->[androidx.room:room-runtime:2.2.1] AndroidManifest.xml:27:13-37
59    </application>
60
61</manifest>